Flow report for lab4
Thu Oct 19 15:37:26 2023
Quartus Prime Version 20.1.0 Build 711 06/05/2020 SJ Lite Edition


---------------------
; Table of Contents ;
---------------------
  1. Legal Notice
  2. Flow Summary
  3. Flow Settings
  4. Flow Non-Default Global Settings
  5. Flow Elapsed Time
  6. Flow OS Summary
  7. Flow Log
  8. Flow Messages
  9. Flow Suppressed Messages



----------------
; Legal Notice ;
----------------
Copyright (C) 2020  Intel Corporation. All rights reserved.
Your use of Intel Corporation's design tools, logic functions 
and other software and tools, and any partner logic 
functions, and any output files from any of the foregoing 
(including device programming or simulation files), and any 
associated documentation or information are expressly subject 
to the terms and conditions of the Intel Program License 
Subscription Agreement, the Intel Quartus Prime License Agreement,
the Intel FPGA IP License Agreement, or other applicable license
agreement, including, without limitation, that your use is for
the sole purpose of programming logic devices manufactured by
Intel and sold by Intel or its authorized distributors.  Please
refer to the applicable agreement for further details, at
https://fpgasoftware.intel.com/eula.



+-------------------------------------------------------------------------------+
; Flow Summary                                                                  ;
+---------------------------------+---------------------------------------------+
; Flow Status                     ; Successful - Thu Oct 19 15:37:17 2023       ;
; Quartus Prime Version           ; 20.1.0 Build 711 06/05/2020 SJ Lite Edition ;
; Revision Name                   ; lab4                                        ;
; Top-level Entity Name           ; top                                         ;
; Family                          ; Cyclone V                                   ;
; Device                          ; 5CEBA4F23C7                                 ;
; Timing Models                   ; Final                                       ;
; Logic utilization (in ALMs)     ; 2,028 / 18,480 ( 11 % )                     ;
; Total registers                 ; 2282                                        ;
; Total pins                      ; 17 / 224 ( 8 % )                            ;
; Total virtual pins              ; 0                                           ;
; Total block memory bits         ; 311,296 / 3,153,920 ( 10 % )                ;
; Total DSP Blocks                ; 1 / 66 ( 2 % )                              ;
; Total HSSI RX PCSs              ; 0                                           ;
; Total HSSI PMA RX Deserializers ; 0                                           ;
; Total HSSI TX PCSs              ; 0                                           ;
; Total HSSI PMA TX Serializers   ; 0                                           ;
; Total PLLs                      ; 1 / 4 ( 25 % )                              ;
; Total DLLs                      ; 0 / 4 ( 0 % )                               ;
+---------------------------------+---------------------------------------------+


+-----------------------------------------+
; Flow Settings                           ;
+-------------------+---------------------+
; Option            ; Setting             ;
+-------------------+---------------------+
; Start date & time ; 10/19/2023 15:36:01 ;
; Main task         ; Compilation         ;
; Revision Name     ; lab4                ;
+-------------------+---------------------+


+-------------------------------------------------------------------------------------------------------------------------+
; Flow Non-Default Global Settings                                                                                        ;
+-------------------------------------+----------------------------------------+---------------+-------------+------------+
; Assignment Name                     ; Value                                  ; Default Value ; Entity Name ; Section Id ;
+-------------------------------------+----------------------------------------+---------------+-------------+------------+
; COMPILER_SIGNATURE_ID               ; 10995770589197.169774416106756         ; --            ; --          ; --         ;
; MAX_CORE_JUNCTION_TEMP              ; 85                                     ; --            ; --          ; --         ;
; MIN_CORE_JUNCTION_TEMP              ; 0                                      ; --            ; --          ; --         ;
; MISC_FILE                           ; risc5labdata.bsf                       ; --            ; --          ; --         ;
; MISC_FILE                           ; risc5labdata_bb.v                      ; --            ; --          ; --         ;
; MISC_FILE                           ; risc5instlab.bsf                       ; --            ; --          ; --         ;
; MISC_FILE                           ; risc5instlab_bb.v                      ; --            ; --          ; --         ;
; MISC_FILE                           ; lab5inst.bsf                           ; --            ; --          ; --         ;
; MISC_FILE                           ; lab5inst_inst.v                        ; --            ; --          ; --         ;
; MISC_FILE                           ; lab5inst_bb.v                          ; --            ; --          ; --         ;
; MISC_FILE                           ; lab5inst.inc                           ; --            ; --          ; --         ;
; MISC_FILE                           ; lab5inst.cmp                           ; --            ; --          ; --         ;
; MISC_FILE                           ; lab5inst2.bsf                          ; --            ; --          ; --         ;
; MISC_FILE                           ; lab5inst2_inst.v                       ; --            ; --          ; --         ;
; MISC_FILE                           ; lab5inst2_bb.v                         ; --            ; --          ; --         ;
; MISC_FILE                           ; lab5inst2.inc                          ; --            ; --          ; --         ;
; MISC_FILE                           ; lab5inst2.cmp                          ; --            ; --          ; --         ;
; MISC_FILE                           ; datazeros.bsf                          ; --            ; --          ; --         ;
; MISC_FILE                           ; datazeros_inst.v                       ; --            ; --          ; --         ;
; MISC_FILE                           ; datazeros_bb.v                         ; --            ; --          ; --         ;
; MISC_FILE                           ; datazeros.inc                          ; --            ; --          ; --         ;
; MISC_FILE                           ; datazeros.cmp                          ; --            ; --          ; --         ;
; PARTITION_COLOR                     ; -- (Not supported for targeted family) ; --            ; DE0_CV      ; Top        ;
; PARTITION_COLOR                     ; -- (Not supported for targeted family) ; --            ; top         ; Top        ;
; PARTITION_FITTER_PRESERVATION_LEVEL ; -- (Not supported for targeted family) ; --            ; DE0_CV      ; Top        ;
; PARTITION_FITTER_PRESERVATION_LEVEL ; -- (Not supported for targeted family) ; --            ; top         ; Top        ;
; PARTITION_NETLIST_TYPE              ; -- (Not supported for targeted family) ; --            ; DE0_CV      ; Top        ;
; PARTITION_NETLIST_TYPE              ; -- (Not supported for targeted family) ; --            ; top         ; Top        ;
; PROJECT_OUTPUT_DIRECTORY            ; output_files                           ; --            ; --          ; --         ;
; TOP_LEVEL_ENTITY                    ; top                                    ; lab4          ; --          ; --         ;
+-------------------------------------+----------------------------------------+---------------+-------------+------------+


+--------------------------------------------------------------------------------------------------------------------------+
; Flow Elapsed Time                                                                                                        ;
+----------------------+--------------+-------------------------+---------------------+------------------------------------+
; Module Name          ; Elapsed Time ; Average Processors Used ; Peak Virtual Memory ; Total CPU Time (on all processors) ;
+----------------------+--------------+-------------------------+---------------------+------------------------------------+
; Analysis & Synthesis ; 00:00:19     ; 1.0                     ; 4875 MB             ; 00:00:28                           ;
; Fitter               ; 00:00:51     ; 1.2                     ; 6406 MB             ; 00:02:03                           ;
; Assembler            ; 00:00:04     ; 1.0                     ; 4858 MB             ; 00:00:04                           ;
; Timing Analyzer      ; 00:00:08     ; 2.1                     ; 5186 MB             ; 00:00:16                           ;
; Total                ; 00:01:22     ; --                      ; --                  ; 00:02:51                           ;
+----------------------+--------------+-------------------------+---------------------+------------------------------------+


+------------------------------------------------------------------------------------+
; Flow OS Summary                                                                    ;
+----------------------+------------------+------------+------------+----------------+
; Module Name          ; Machine Hostname ; OS Name    ; OS Version ; Processor type ;
+----------------------+------------------+------------+------------+----------------+
; Analysis & Synthesis ; AcerGLaptop      ; Windows 10 ; 10.0       ; x86_64         ;
; Fitter               ; AcerGLaptop      ; Windows 10 ; 10.0       ; x86_64         ;
; Assembler            ; AcerGLaptop      ; Windows 10 ; 10.0       ; x86_64         ;
; Timing Analyzer      ; AcerGLaptop      ; Windows 10 ; 10.0       ; x86_64         ;
+----------------------+------------------+------------+------------+----------------+


------------
; Flow Log ;
------------
quartus_map --read_settings_files=on --write_settings_files=off lab4 -c lab4
quartus_fit --read_settings_files=off --write_settings_files=off lab4 -c lab4
quartus_asm --read_settings_files=off --write_settings_files=off lab4 -c lab4
quartus_sta lab4 -c lab4



